<?xml version="1.0" encoding="UTF-8"?>
<testsuite xmlns:xsi="http://www.w3.org/2001/XMLSchema-instance" xsi:noNamespaceSchemaLocation="https://maven.apache.org/surefire/maven-surefire-plugin/xsd/surefire-test-report-3.0.xsd" version="3.0" name="com.bakery.BakeryApplicationTest" time="15.205" tests="2" errors="0" skipped="0" failures="0">
  <properties>
[...]
</properties>
  <testcase name="mainMethodStartsApplication" classname="com.bakery.BakeryApplicationTest" time="3.161">
    <system-out><![CDATA[14:42:44.561 [main] INFO org.springframework.test.context.support.AnnotationConfigContextLoaderUtils -- Could not detect default configuration classes for test class [com.bakery.BakeryApplicationTest]: BakeryApplicationTest does not declare any static, non-private, non-final, nested classes annotated with @Configuration.
14:42:44.919 [main] INFO org.springframework.boot.test.context.SpringBootTestContextBootstrapper -- Found @SpringBootConfiguration com.bakery.BakeryApplication for test class com.bakery.BakeryApplicationTest

  .   ____          _            __ _ _
 /\\ / ___'_ __ _ _(_)_ __  __ _ \ \ \ \
( ( )\___ | '_ | '_| | '_ \/ _` | \ \ \ \
 \\/  ___)| |_)| | | | | || (_| |  ) ) ) )
  '  |____| .__|_| |_|_| |_\__, | / / / /
 =========|_|==============|___/=/_/_/_/
 :: Spring Boot ::                (v3.1.9)

2025-12-13T14:42:46.149+07:00  INFO 5480 --- [           main] com.bakery.BakeryApplicationTest         : Starting BakeryApplicationTest using Java 17.0.17 with PID 5480 (started by ASUS in C:\ifs24048-pbo-proyek\ifs24048-pbo-proyek)
2025-12-13T14:42:46.151+07:00 DEBUG 5480 --- [           main] com.bakery.BakeryApplicationTest         : Running with Spring Boot v3.1.9, Spring v6.0.17
2025-12-13T14:42:46.153+07:00  INFO 5480 --- [           main] com.bakery.BakeryApplicationTest         : No active profile set, falling back to 1 default profile: "default"
2025-12-13T14:42:47.913+07:00  INFO 5480 --- [           main] .s.d.r.c.RepositoryConfigurationDelegate : Bootstrapping Spring Data JPA repositories in DEFAULT mode.
2025-12-13T14:42:48.074+07:00  INFO 5480 --- [           main] .s.d.r.c.RepositoryConfigurationDelegate : Finished Spring Data repository scanning in 142 ms. Found 3 JPA repository interfaces.
2025-12-13T14:42:49.205+07:00  INFO 5480 --- [           main] o.hibernate.jpa.internal.util.LogHelper  : HHH000204: Processing PersistenceUnitInfo [name: default]
2025-12-13T14:42:49.370+07:00  INFO 5480 --- [           main] org.hibernate.Version                    : HHH000412: Hibernate ORM core version 6.2.22.Final
2025-12-13T14:42:49.375+07:00  INFO 5480 --- [           main] org.hibernate.cfg.Environment            : HHH000406: Using bytecode reflection optimizer
2025-12-13T14:42:50.320+07:00  INFO 5480 --- [           main] o.s.o.j.p.SpringPersistenceUnitInfo      : No LoadTimeWeaver setup: ignoring JPA class transformer
2025-12-13T14:42:50.403+07:00  INFO 5480 --- [           main] com.zaxxer.hikari.HikariDataSource       : HikariPool-1 - Starting...
2025-12-13T14:42:51.154+07:00  INFO 5480 --- [           main] com.zaxxer.hikari.pool.HikariPool        : HikariPool-1 - Added connection conn0: url=jdbc:h2:file:./data/db_bakery_pbo user=SA
2025-12-13T14:42:51.158+07:00  INFO 5480 --- [           main] com.zaxxer.hikari.HikariDataSource       : HikariPool-1 - Start completed.
2025-12-13T14:42:51.226+07:00  WARN 5480 --- [           main] org.hibernate.orm.deprecation            : HHH90000025: H2Dialect does not need to be specified explicitly using 'hibernate.dialect' (remove the property setting and it will be selected by default)
2025-12-13T14:42:53.552+07:00  INFO 5480 --- [           main] o.h.e.t.j.p.i.JtaPlatformInitiator       : HHH000489: No JTA platform available (set 'hibernate.transaction.jta.platform' to enable JTA platform integration)
2025-12-13T14:42:53.712+07:00 DEBUG 5480 --- [           main] org.hibernate.SQL                        : 
    alter table if exists products 
       alter column description set data type TEXT
Hibernate: 
    alter table if exists products 
       alter column description set data type TEXT
2025-12-13T14:42:53.723+07:00  INFO 5480 --- [           main] j.LocalContainerEntityManagerFactoryBean : Initialized JPA EntityManagerFactory for persistence unit 'default'
2025-12-13T14:42:55.001+07:00  WARN 5480 --- [           main] JpaBaseConfiguration$JpaWebConfiguration : spring.jpa.open-in-view is enabled by default. Therefore, database queries may be performed during view rendering. Explicitly configure spring.jpa.open-in-view to disable this warning
2025-12-13T14:42:55.433+07:00  INFO 5480 --- [           main] o.s.b.a.w.s.WelcomePageHandlerMapping    : Adding welcome page template: index
2025-12-13T14:42:55.792+07:00  INFO 5480 --- [           main] o.s.b.a.h2.H2ConsoleAutoConfiguration    : H2 console available at '/h2-console'. Database available at 'jdbc:h2:file:./data/db_bakery_pbo'
2025-12-13T14:42:55.896+07:00  INFO 5480 --- [           main] com.bakery.BakeryApplicationTest         : Started BakeryApplicationTest in 10.452 seconds (process running for 14.26)
2025-12-13T14:42:55.907+07:00  INFO 5480 --- [           main] com.bakery.config.StartupInfoLogger      : 
========================================
? BAKERY SALES MANAGER STARTED SUCCESSFULLY!
========================================
? Application: Mimi's Bakery
? Profile: default
? Local URL: http://localhost:8080/
? External URL: http://172.28.41.115:8080/
?? H2 Console: http://localhost:8080//h2-console
========================================

  .   ____          _            __ _ _
 /\\ / ___'_ __ _ _(_)_ __  __ _ \ \ \ \
( ( )\___ | '_ | '_| | '_ \/ _` | \ \ \ \
 \\/  ___)| |_)| | | | | || (_| |  ) ) ) )
  '  |____| .__|_| |_|_| |_\__, | / / / /
 =========|_|==============|___/=/_/_/_/
 :: Spring Boot ::                (v3.1.9)

2025-12-13T14:42:56.892+07:00  INFO 5480 --- [           main] com.bakery.BakeryApplication             : Starting BakeryApplication using Java 17.0.17 with PID 5480 (started by ASUS in C:\ifs24048-pbo-proyek\ifs24048-pbo-proyek)
2025-12-13T14:42:56.892+07:00 DEBUG 5480 --- [           main] com.bakery.BakeryApplication             : Running with Spring Boot v3.1.9, Spring v6.0.17
2025-12-13T14:42:56.894+07:00  INFO 5480 --- [           main] com.bakery.BakeryApplication             : No active profile set, falling back to 1 default profile: "default"
2025-12-13T14:42:57.252+07:00  INFO 5480 --- [           main] .s.d.r.c.RepositoryConfigurationDelegate : Bootstrapping Spring Data JPA repositories in DEFAULT mode.
2025-12-13T14:42:57.292+07:00  INFO 5480 --- [           main] .s.d.r.c.RepositoryConfigurationDelegate : Finished Spring Data repository scanning in 38 ms. Found 3 JPA repository interfaces.
2025-12-13T14:42:57.822+07:00  INFO 5480 --- [           main] o.s.b.w.embedded.tomcat.TomcatWebServer  : Tomcat initialized with port(s): 8080 (http)
2025-12-13T14:42:57.846+07:00  INFO 5480 --- [           main] o.apache.catalina.core.StandardService   : Starting service [Tomcat]
2025-12-13T14:42:57.848+07:00  INFO 5480 --- [           main] o.apache.catalina.core.StandardEngine    : Starting Servlet engine: [Apache Tomcat/10.1.19]
2025-12-13T14:42:58.183+07:00  INFO 5480 --- [           main] o.a.c.c.C.[Tomcat].[localhost].[/]       : Initializing Spring embedded WebApplicationContext
2025-12-13T14:42:58.184+07:00  INFO 5480 --- [           main] w.s.c.ServletWebServerApplicationContext : Root WebApplicationContext: initialization completed in 1286 ms
2025-12-13T14:42:58.219+07:00  INFO 5480 --- [           main] com.zaxxer.hikari.HikariDataSource       : HikariPool-2 - Starting...
2025-12-13T14:42:58.223+07:00  INFO 5480 --- [           main] com.zaxxer.hikari.pool.HikariPool        : HikariPool-2 - Added connection conn10: url=jdbc:h2:file:./data/db_bakery_pbo user=SA
2025-12-13T14:42:58.224+07:00  INFO 5480 --- [           main] com.zaxxer.hikari.HikariDataSource       : HikariPool-2 - Start completed.
2025-12-13T14:42:58.224+07:00  INFO 5480 --- [           main] o.s.b.a.h2.H2ConsoleAutoConfiguration    : H2 console available at '/h2-console'. Database available at 'jdbc:h2:file:./data/db_bakery_pbo'
2025-12-13T14:42:58.334+07:00  INFO 5480 --- [           main] com.bakery.config.RequestLoggingFilter   : RequestLoggingFilter initialized
2025-12-13T14:42:58.405+07:00  INFO 5480 --- [           main] o.hibernate.jpa.internal.util.LogHelper  : HHH000204: Processing PersistenceUnitInfo [name: default]
2025-12-13T14:42:58.423+07:00  INFO 5480 --- [           main] o.s.o.j.p.SpringPersistenceUnitInfo      : No LoadTimeWeaver setup: ignoring JPA class transformer
2025-12-13T14:42:58.427+07:00  WARN 5480 --- [           main] org.hibernate.orm.deprecation            : HHH90000025: H2Dialect does not need to be specified explicitly using 'hibernate.dialect' (remove the property setting and it will be selected by default)
2025-12-13T14:42:58.623+07:00  INFO 5480 --- [           main] o.h.e.t.j.p.i.JtaPlatformInitiator       : HHH000489: No JTA platform available (set 'hibernate.transaction.jta.platform' to enable JTA platform integration)
2025-12-13T14:42:58.629+07:00 DEBUG 5480 --- [           main] org.hibernate.SQL                        : 
    alter table if exists products 
       alter column description set data type TEXT
Hibernate: 
    alter table if exists products 
       alter column description set data type TEXT
2025-12-13T14:42:58.632+07:00  INFO 5480 --- [           main] j.LocalContainerEntityManagerFactoryBean : Initialized JPA EntityManagerFactory for persistence unit 'default'
2025-12-13T14:42:58.780+07:00  WARN 5480 --- [           main] JpaBaseConfiguration$JpaWebConfiguration : spring.jpa.open-in-view is enabled by default. Therefore, database queries may be performed during view rendering. Explicitly configure spring.jpa.open-in-view to disable this warning
2025-12-13T14:42:58.863+07:00  INFO 5480 --- [           main] o.s.b.a.w.s.WelcomePageHandlerMapping    : Adding welcome page template: index
2025-12-13T14:42:59.056+07:00  INFO 5480 --- [           main] o.s.b.w.embedded.tomcat.TomcatWebServer  : Tomcat started on port(s): 8080 (http) with context path ''
2025-12-13T14:42:59.063+07:00  INFO 5480 --- [           main] com.bakery.BakeryApplication             : Started BakeryApplication in 2.217 seconds (process running for 17.427)
2025-12-13T14:42:59.066+07:00  INFO 5480 --- [           main] com.bakery.config.StartupInfoLogger      : 
========================================
? BAKERY SALES MANAGER STARTED SUCCESSFULLY!
========================================
? Application: Mimi's Bakery
? Profile: default
? Local URL: http://localhost:8080/
? External URL: http://172.28.41.115:8080/
?? H2 Console: http://localhost:8080//h2-console
========================================
]]></system-out>
  </testcase>
  <testcase name="contextLoads" classname="com.bakery.BakeryApplicationTest" time="0.006"/>
</testsuite>