<?xml version="1.0" encoding="UTF-8"?>
<testsuite xmlns:xsi="http://www.w3.org/2001/XMLSchema-instance" xsi:noNamespaceSchemaLocation="https://maven.apache.org/surefire/maven-surefire-plugin/xsd/surefire-test-report-3.0.xsd" version="3.0" name="com.bakery.repository.AuthTokenRepositoryTest" time="2.264" tests="12" errors="0" skipped="0" failures="0">
  <properties>
[...]
</properties>
  <testcase name="testUpdateAuthToken" classname="com.bakery.repository.AuthTokenRepositoryTest" time="0.874">
    <system-out><![CDATA[2025-12-13T15:51:47.211+07:00  INFO 30800 --- [           main] t.c.s.AnnotationConfigContextLoaderUtils : Could not detect default configuration classes for test class [com.bakery.repository.AuthTokenRepositoryTest]: AuthTokenRepositoryTest does not declare any static, non-private, non-final, nested classes annotated with @Configuration.
2025-12-13T15:51:47.258+07:00  INFO 30800 --- [           main] .b.t.c.SpringBootTestContextBootstrapper : Found @SpringBootConfiguration com.bakery.BakeryApplication for test class com.bakery.repository.AuthTokenRepositoryTest

  .   ____          _            __ _ _
 /\\ / ___'_ __ _ _(_)_ __  __ _ \ \ \ \
( ( )\___ | '_ | '_| | '_ \/ _` | \ \ \ \
 \\/  ___)| |_)| | | | | || (_| |  ) ) ) )
  '  |____| .__|_| |_|_| |_\__, | / / / /
 =========|_|==============|___/=/_/_/_/
 :: Spring Boot ::                (v3.1.9)

2025-12-13T15:51:47.323+07:00  INFO 30800 --- [           main] c.b.repository.AuthTokenRepositoryTest   : Starting AuthTokenRepositoryTest using Java 17.0.17 with PID 30800 (started by ASUS in C:\ifs24048-pbo-proyek\ifs24048-pbo-proyek)
2025-12-13T15:51:47.324+07:00 DEBUG 30800 --- [           main] c.b.repository.AuthTokenRepositoryTest   : Running with Spring Boot v3.1.9, Spring v6.0.17
2025-12-13T15:51:47.324+07:00  INFO 30800 --- [           main] c.b.repository.AuthTokenRepositoryTest   : No active profile set, falling back to 1 default profile: "default"
2025-12-13T15:51:47.542+07:00  INFO 30800 --- [           main] .s.d.r.c.RepositoryConfigurationDelegate : Bootstrapping Spring Data JPA repositories in DEFAULT mode.
2025-12-13T15:51:47.578+07:00  INFO 30800 --- [           main] .s.d.r.c.RepositoryConfigurationDelegate : Finished Spring Data repository scanning in 35 ms. Found 3 JPA repository interfaces.
2025-12-13T15:51:47.616+07:00  INFO 30800 --- [           main] beddedDataSourceBeanFactoryPostProcessor : Replacing 'dataSource' DataSource bean with embedded version
2025-12-13T15:51:47.696+07:00  INFO 30800 --- [           main] o.s.j.d.e.EmbeddedDatabaseFactory        : Starting embedded database: url='jdbc:h2:mem:b252e954-998c-4fb0-8b01-5a6a5958c676;DB_CLOSE_DELAY=-1;DB_CLOSE_ON_EXIT=false', username='sa'
2025-12-13T15:51:47.752+07:00  INFO 30800 --- [           main] o.hibernate.jpa.internal.util.LogHelper  : HHH000204: Processing PersistenceUnitInfo [name: default]
2025-12-13T15:51:47.772+07:00  INFO 30800 --- [           main] o.s.o.j.p.SpringPersistenceUnitInfo      : No LoadTimeWeaver setup: ignoring JPA class transformer
2025-12-13T15:51:47.778+07:00  WARN 30800 --- [           main] org.hibernate.orm.deprecation            : HHH90000025: H2Dialect does not need to be specified explicitly using 'hibernate.dialect' (remove the property setting and it will be selected by default)
2025-12-13T15:51:47.975+07:00  INFO 30800 --- [           main] o.h.e.t.j.p.i.JtaPlatformInitiator       : HHH000489: No JTA platform available (set 'hibernate.transaction.jta.platform' to enable JTA platform integration)
2025-12-13T15:51:48.004+07:00 DEBUG 30800 --- [           main] org.hibernate.SQL                        : 
    create table auth_tokens (
        id uuid not null,
        created_at timestamp(6),
        token varchar(255) not null,
        user_id uuid not null,
        primary key (id)
    )
Hibernate: 
    create table auth_tokens (
        id uuid not null,
        created_at timestamp(6),
        token varchar(255) not null,
        user_id uuid not null,
        primary key (id)
    )
2025-12-13T15:51:48.010+07:00 DEBUG 30800 --- [           main] org.hibernate.SQL                        : 
    create table products (
        id uuid not null,
        category varchar(255) not null,
        created_at timestamp(6),
        description TEXT,
        image_url varchar(255),
        is_available boolean,
        price float(53) not null,
        product_name varchar(255) not null,
        sold_count integer,
        stock integer not null,
        updated_at timestamp(6),
        user_id uuid not null,
        primary key (id)
    )
Hibernate: 
    create table products (
        id uuid not null,
        category varchar(255) not null,
        created_at timestamp(6),
        description TEXT,
        image_url varchar(255),
        is_available boolean,
        price float(53) not null,
        product_name varchar(255) not null,
        sold_count integer,
        stock integer not null,
        updated_at timestamp(6),
        user_id uuid not null,
        primary key (id)
    )
2025-12-13T15:51:48.015+07:00 DEBUG 30800 --- [           main] org.hibernate.SQL                        : 
    create table users (
        id uuid not null,
        created_at timestamp(6),
        email varchar(255) not null,
        name varchar(255) not null,
        password varchar(255) not null,
        updated_at timestamp(6),
        primary key (id)
    )
Hibernate: 
    create table users (
        id uuid not null,
        created_at timestamp(6),
        email varchar(255) not null,
        name varchar(255) not null,
        password varchar(255) not null,
        updated_at timestamp(6),
        primary key (id)
    )
2025-12-13T15:51:48.019+07:00 DEBUG 30800 --- [           main] org.hibernate.SQL                        : 
    alter table if exists auth_tokens 
       drop constraint if exists UK_8eqyhmaqeqakfjut8vpdfm6cr
Hibernate: 
    alter table if exists auth_tokens 
       drop constraint if exists UK_8eqyhmaqeqakfjut8vpdfm6cr
2025-12-13T15:51:48.022+07:00 DEBUG 30800 --- [           main] org.hibernate.SQL                        : 
    alter table if exists auth_tokens 
       add constraint UK_8eqyhmaqeqakfjut8vpdfm6cr unique (token)
Hibernate: 
    alter table if exists auth_tokens 
       add constraint UK_8eqyhmaqeqakfjut8vpdfm6cr unique (token)
2025-12-13T15:51:48.025+07:00 DEBUG 30800 --- [           main] org.hibernate.SQL                        : 
    alter table if exists users 
       drop constraint if exists UK_6dotkott2kjsp8vw4d0m25fb7
Hibernate: 
    alter table if exists users 
       drop constraint if exists UK_6dotkott2kjsp8vw4d0m25fb7
2025-12-13T15:51:48.026+07:00 DEBUG 30800 --- [           main] org.hibernate.SQL                        : 
    alter table if exists users 
       add constraint UK_6dotkott2kjsp8vw4d0m25fb7 unique (email)
Hibernate: 
    alter table if exists users 
       add constraint UK_6dotkott2kjsp8vw4d0m25fb7 unique (email)
2025-12-13T15:51:48.029+07:00  INFO 30800 --- [           main] j.LocalContainerEntityManagerFactoryBean : Initialized JPA EntityManagerFactory for persistence unit 'default'
2025-12-13T15:51:48.303+07:00  INFO 30800 --- [           main] c.b.repository.AuthTokenRepositoryTest   : Started AuthTokenRepositoryTest in 1.037 seconds (process running for 27.006)
2025-12-13T15:51:48.488+07:00 DEBUG 30800 --- [           main] org.hibernate.SQL                        : 
    insert 
    into
        auth_tokens
        (created_at,token,user_id,id) 
    values
        (?,?,?,?)
Hibernate: 
    insert 
    into
        auth_tokens
        (created_at,token,user_id,id) 
    values
        (?,?,?,?)
2025-12-13T15:51:48.545+07:00 DEBUG 30800 --- [           main] org.hibernate.SQL                        : 
    insert 
    into
        auth_tokens
        (created_at,token,user_id,id) 
    values
        (?,?,?,?)
Hibernate: 
    insert 
    into
        auth_tokens
        (created_at,token,user_id,id) 
    values
        (?,?,?,?)
2025-12-13T15:51:49.067+07:00 DEBUG 30800 --- [           main] org.hibernate.SQL                        : 
    select
        a1_0.id,
        a1_0.created_at,
        a1_0.token,
        a1_0.user_id 
    from
        auth_tokens a1_0 
    where
        a1_0.token=?
Hibernate: 
    select
        a1_0.id,
        a1_0.created_at,
        a1_0.token,
        a1_0.user_id 
    from
        auth_tokens a1_0 
    where
        a1_0.token=?
2025-12-13T15:51:49.139+07:00 DEBUG 30800 --- [           main] org.hibernate.SQL                        : 
    update
        auth_tokens 
    set
        created_at=?,
        token=?,
        user_id=? 
    where
        id=?
Hibernate: 
    update
        auth_tokens 
    set
        created_at=?,
        token=?,
        user_id=? 
    where
        id=?
2025-12-13T15:51:49.159+07:00 DEBUG 30800 --- [           main] org.hibernate.SQL                        : 
    select
        a1_0.id,
        a1_0.created_at,
        a1_0.token,
        a1_0.user_id 
    from
        auth_tokens a1_0 
    where
        a1_0.token=?
Hibernate: 
    select
        a1_0.id,
        a1_0.created_at,
        a1_0.token,
        a1_0.user_id 
    from
        auth_tokens a1_0 
    where
        a1_0.token=?
]]></system-out>
  </testcase>
  <testcase name="testDeleteByUserId" classname="com.bakery.repository.AuthTokenRepositoryTest" time="0.058">
    <system-out><![CDATA[2025-12-13T15:51:49.192+07:00 DEBUG 30800 --- [           main] org.hibernate.SQL                        : 
    insert 
    into
        auth_tokens
        (created_at,token,user_id,id) 
    values
        (?,?,?,?)
Hibernate: 
    insert 
    into
        auth_tokens
        (created_at,token,user_id,id) 
    values
        (?,?,?,?)
2025-12-13T15:51:49.197+07:00 DEBUG 30800 --- [           main] org.hibernate.SQL                        : 
    insert 
    into
        auth_tokens
        (created_at,token,user_id,id) 
    values
        (?,?,?,?)
Hibernate: 
    insert 
    into
        auth_tokens
        (created_at,token,user_id,id) 
    values
        (?,?,?,?)
2025-12-13T15:51:49.202+07:00 DEBUG 30800 --- [           main] org.hibernate.SQL                        : 
    select
        a1_0.id,
        a1_0.created_at,
        a1_0.token,
        a1_0.user_id 
    from
        auth_tokens a1_0 
    where
        a1_0.token=?
Hibernate: 
    select
        a1_0.id,
        a1_0.created_at,
        a1_0.token,
        a1_0.user_id 
    from
        auth_tokens a1_0 
    where
        a1_0.token=?
2025-12-13T15:51:49.209+07:00 DEBUG 30800 --- [           main] org.hibernate.SQL                        : 
    select
        a1_0.id,
        a1_0.created_at,
        a1_0.token,
        a1_0.user_id 
    from
        auth_tokens a1_0 
    where
        a1_0.user_id=?
Hibernate: 
    select
        a1_0.id,
        a1_0.created_at,
        a1_0.token,
        a1_0.user_id 
    from
        auth_tokens a1_0 
    where
        a1_0.user_id=?
2025-12-13T15:51:49.229+07:00 DEBUG 30800 --- [           main] org.hibernate.SQL                        : 
    delete 
    from
        auth_tokens 
    where
        id=?
Hibernate: 
    delete 
    from
        auth_tokens 
    where
        id=?
2025-12-13T15:51:49.236+07:00 DEBUG 30800 --- [           main] org.hibernate.SQL                        : 
    select
        a1_0.id,
        a1_0.created_at,
        a1_0.token,
        a1_0.user_id 
    from
        auth_tokens a1_0 
    where
        a1_0.token=?
Hibernate: 
    select
        a1_0.id,
        a1_0.created_at,
        a1_0.token,
        a1_0.user_id 
    from
        auth_tokens a1_0 
    where
        a1_0.token=?
2025-12-13T15:51:49.241+07:00 DEBUG 30800 --- [           main] org.hibernate.SQL                        : 
    select
        a1_0.id,
        a1_0.created_at,
        a1_0.token,
        a1_0.user_id 
    from
        auth_tokens a1_0 
    where
        a1_0.token=?
Hibernate: 
    select
        a1_0.id,
        a1_0.created_at,
        a1_0.token,
        a1_0.user_id 
    from
        auth_tokens a1_0 
    where
        a1_0.token=?
]]></system-out>
  </testcase>
  <testcase name="testFindByToken_EmptyToken" classname="com.bakery.repository.AuthTokenRepositoryTest" time="0.018">
    <system-out><![CDATA[2025-12-13T15:51:49.251+07:00 DEBUG 30800 --- [           main] org.hibernate.SQL                        : 
    insert 
    into
        auth_tokens
        (created_at,token,user_id,id) 
    values
        (?,?,?,?)
Hibernate: 
    insert 
    into
        auth_tokens
        (created_at,token,user_id,id) 
    values
        (?,?,?,?)
2025-12-13T15:51:49.255+07:00 DEBUG 30800 --- [           main] org.hibernate.SQL                        : 
    insert 
    into
        auth_tokens
        (created_at,token,user_id,id) 
    values
        (?,?,?,?)
Hibernate: 
    insert 
    into
        auth_tokens
        (created_at,token,user_id,id) 
    values
        (?,?,?,?)
2025-12-13T15:51:49.259+07:00 DEBUG 30800 --- [           main] org.hibernate.SQL                        : 
    select
        a1_0.id,
        a1_0.created_at,
        a1_0.token,
        a1_0.user_id 
    from
        auth_tokens a1_0 
    where
        a1_0.token=?
Hibernate: 
    select
        a1_0.id,
        a1_0.created_at,
        a1_0.token,
        a1_0.user_id 
    from
        auth_tokens a1_0 
    where
        a1_0.token=?
]]></system-out>
  </testcase>
  <testcase name="testFindAll" classname="com.bakery.repository.AuthTokenRepositoryTest" time="0.029">
    <system-out><![CDATA[2025-12-13T15:51:49.270+07:00 DEBUG 30800 --- [           main] org.hibernate.SQL                        : 
    insert 
    into
        auth_tokens
        (created_at,token,user_id,id) 
    values
        (?,?,?,?)
Hibernate: 
    insert 
    into
        auth_tokens
        (created_at,token,user_id,id) 
    values
        (?,?,?,?)
2025-12-13T15:51:49.274+07:00 DEBUG 30800 --- [           main] org.hibernate.SQL                        : 
    insert 
    into
        auth_tokens
        (created_at,token,user_id,id) 
    values
        (?,?,?,?)
Hibernate: 
    insert 
    into
        auth_tokens
        (created_at,token,user_id,id) 
    values
        (?,?,?,?)
2025-12-13T15:51:49.290+07:00 DEBUG 30800 --- [           main] org.hibernate.SQL                        : 
    select
        a1_0.id,
        a1_0.created_at,
        a1_0.token,
        a1_0.user_id 
    from
        auth_tokens a1_0
Hibernate: 
    select
        a1_0.id,
        a1_0.created_at,
        a1_0.token,
        a1_0.user_id 
    from
        auth_tokens a1_0
]]></system-out>
  </testcase>
  <testcase name="testFindByToken_NotFound" classname="com.bakery.repository.AuthTokenRepositoryTest" time="0.013">
    <system-out><![CDATA[2025-12-13T15:51:49.300+07:00 DEBUG 30800 --- [           main] org.hibernate.SQL                        : 
    insert 
    into
        auth_tokens
        (created_at,token,user_id,id) 
    values
        (?,?,?,?)
Hibernate: 
    insert 
    into
        auth_tokens
        (created_at,token,user_id,id) 
    values
        (?,?,?,?)
2025-12-13T15:51:49.302+07:00 DEBUG 30800 --- [           main] org.hibernate.SQL                        : 
    insert 
    into
        auth_tokens
        (created_at,token,user_id,id) 
    values
        (?,?,?,?)
Hibernate: 
    insert 
    into
        auth_tokens
        (created_at,token,user_id,id) 
    values
        (?,?,?,?)
2025-12-13T15:51:49.305+07:00 DEBUG 30800 --- [           main] org.hibernate.SQL                        : 
    select
        a1_0.id,
        a1_0.created_at,
        a1_0.token,
        a1_0.user_id 
    from
        auth_tokens a1_0 
    where
        a1_0.token=?
Hibernate: 
    select
        a1_0.id,
        a1_0.created_at,
        a1_0.token,
        a1_0.user_id 
    from
        auth_tokens a1_0 
    where
        a1_0.token=?
]]></system-out>
  </testcase>
  <testcase name="testSaveNewAuthToken" classname="com.bakery.repository.AuthTokenRepositoryTest" time="0.02">
    <system-out><![CDATA[2025-12-13T15:51:49.315+07:00 DEBUG 30800 --- [           main] org.hibernate.SQL                        : 
    insert 
    into
        auth_tokens
        (created_at,token,user_id,id) 
    values
        (?,?,?,?)
Hibernate: 
    insert 
    into
        auth_tokens
        (created_at,token,user_id,id) 
    values
        (?,?,?,?)
2025-12-13T15:51:49.317+07:00 DEBUG 30800 --- [           main] org.hibernate.SQL                        : 
    insert 
    into
        auth_tokens
        (created_at,token,user_id,id) 
    values
        (?,?,?,?)
Hibernate: 
    insert 
    into
        auth_tokens
        (created_at,token,user_id,id) 
    values
        (?,?,?,?)
2025-12-13T15:51:49.321+07:00 DEBUG 30800 --- [           main] org.hibernate.SQL                        : 
    insert 
    into
        auth_tokens
        (created_at,token,user_id,id) 
    values
        (?,?,?,?)
Hibernate: 
    insert 
    into
        auth_tokens
        (created_at,token,user_id,id) 
    values
        (?,?,?,?)
2025-12-13T15:51:49.322+07:00 DEBUG 30800 --- [           main] org.hibernate.SQL                        : 
    select
        a1_0.id,
        a1_0.created_at,
        a1_0.token,
        a1_0.user_id 
    from
        auth_tokens a1_0 
    where
        a1_0.token=?
Hibernate: 
    select
        a1_0.id,
        a1_0.created_at,
        a1_0.token,
        a1_0.user_id 
    from
        auth_tokens a1_0 
    where
        a1_0.token=?
]]></system-out>
  </testcase>
  <testcase name="testTokenUniqueness" classname="com.bakery.repository.AuthTokenRepositoryTest" time="0.015">
    <system-out><![CDATA[2025-12-13T15:51:49.335+07:00 DEBUG 30800 --- [           main] org.hibernate.SQL                        : 
    insert 
    into
        auth_tokens
        (created_at,token,user_id,id) 
    values
        (?,?,?,?)
Hibernate: 
    insert 
    into
        auth_tokens
        (created_at,token,user_id,id) 
    values
        (?,?,?,?)
2025-12-13T15:51:49.338+07:00 DEBUG 30800 --- [           main] org.hibernate.SQL                        : 
    insert 
    into
        auth_tokens
        (created_at,token,user_id,id) 
    values
        (?,?,?,?)
Hibernate: 
    insert 
    into
        auth_tokens
        (created_at,token,user_id,id) 
    values
        (?,?,?,?)
]]></system-out>
  </testcase>
  <testcase name="testFindById" classname="com.bakery.repository.AuthTokenRepositoryTest" time="0.046">
    <system-out><![CDATA[2025-12-13T15:51:49.352+07:00 DEBUG 30800 --- [           main] org.hibernate.SQL                        : 
    insert 
    into
        auth_tokens
        (created_at,token,user_id,id) 
    values
        (?,?,?,?)
Hibernate: 
    insert 
    into
        auth_tokens
        (created_at,token,user_id,id) 
    values
        (?,?,?,?)
2025-12-13T15:51:49.354+07:00 DEBUG 30800 --- [           main] org.hibernate.SQL                        : 
    insert 
    into
        auth_tokens
        (created_at,token,user_id,id) 
    values
        (?,?,?,?)
Hibernate: 
    insert 
    into
        auth_tokens
        (created_at,token,user_id,id) 
    values
        (?,?,?,?)
2025-12-13T15:51:49.360+07:00 DEBUG 30800 --- [           main] org.hibernate.SQL                        : 
    select
        a1_0.id,
        a1_0.created_at,
        a1_0.token,
        a1_0.user_id 
    from
        auth_tokens a1_0 
    where
        a1_0.token=?
Hibernate: 
    select
        a1_0.id,
        a1_0.created_at,
        a1_0.token,
        a1_0.user_id 
    from
        auth_tokens a1_0 
    where
        a1_0.token=?
]]></system-out>
  </testcase>
  <testcase name="testEntityLifecycle" classname="com.bakery.repository.AuthTokenRepositoryTest" time="0.009">
    <system-out><![CDATA[2025-12-13T15:51:49.397+07:00 DEBUG 30800 --- [           main] org.hibernate.SQL                        : 
    insert 
    into
        auth_tokens
        (created_at,token,user_id,id) 
    values
        (?,?,?,?)
Hibernate: 
    insert 
    into
        auth_tokens
        (created_at,token,user_id,id) 
    values
        (?,?,?,?)
2025-12-13T15:51:49.400+07:00 DEBUG 30800 --- [           main] org.hibernate.SQL                        : 
    insert 
    into
        auth_tokens
        (created_at,token,user_id,id) 
    values
        (?,?,?,?)
Hibernate: 
    insert 
    into
        auth_tokens
        (created_at,token,user_id,id) 
    values
        (?,?,?,?)
]]></system-out>
  </testcase>
  <testcase name="testFindByToken_Found" classname="com.bakery.repository.AuthTokenRepositoryTest" time="0.015">
    <system-out><![CDATA[2025-12-13T15:51:49.410+07:00 DEBUG 30800 --- [           main] org.hibernate.SQL                        : 
    insert 
    into
        auth_tokens
        (created_at,token,user_id,id) 
    values
        (?,?,?,?)
Hibernate: 
    insert 
    into
        auth_tokens
        (created_at,token,user_id,id) 
    values
        (?,?,?,?)
2025-12-13T15:51:49.412+07:00 DEBUG 30800 --- [           main] org.hibernate.SQL                        : 
    insert 
    into
        auth_tokens
        (created_at,token,user_id,id) 
    values
        (?,?,?,?)
Hibernate: 
    insert 
    into
        auth_tokens
        (created_at,token,user_id,id) 
    values
        (?,?,?,?)
2025-12-13T15:51:49.415+07:00 DEBUG 30800 --- [           main] org.hibernate.SQL                        : 
    select
        a1_0.id,
        a1_0.created_at,
        a1_0.token,
        a1_0.user_id 
    from
        auth_tokens a1_0 
    where
        a1_0.token=?
Hibernate: 
    select
        a1_0.id,
        a1_0.created_at,
        a1_0.token,
        a1_0.user_id 
    from
        auth_tokens a1_0 
    where
        a1_0.token=?
]]></system-out>
  </testcase>
  <testcase name="testDeleteByUserId_NoMatchingUser" classname="com.bakery.repository.AuthTokenRepositoryTest" time="0.016">
    <system-out><![CDATA[2025-12-13T15:51:49.426+07:00 DEBUG 30800 --- [           main] org.hibernate.SQL                        : 
    insert 
    into
        auth_tokens
        (created_at,token,user_id,id) 
    values
        (?,?,?,?)
Hibernate: 
    insert 
    into
        auth_tokens
        (created_at,token,user_id,id) 
    values
        (?,?,?,?)
2025-12-13T15:51:49.428+07:00 DEBUG 30800 --- [           main] org.hibernate.SQL                        : 
    insert 
    into
        auth_tokens
        (created_at,token,user_id,id) 
    values
        (?,?,?,?)
Hibernate: 
    insert 
    into
        auth_tokens
        (created_at,token,user_id,id) 
    values
        (?,?,?,?)
2025-12-13T15:51:49.435+07:00 DEBUG 30800 --- [           main] org.hibernate.SQL                        : 
    select
        a1_0.id,
        a1_0.created_at,
        a1_0.token,
        a1_0.user_id 
    from
        auth_tokens a1_0 
    where
        a1_0.user_id=?
Hibernate: 
    select
        a1_0.id,
        a1_0.created_at,
        a1_0.token,
        a1_0.user_id 
    from
        auth_tokens a1_0 
    where
        a1_0.user_id=?
]]></system-out>
  </testcase>
  <testcase name="testDeleteAuthToken" classname="com.bakery.repository.AuthTokenRepositoryTest" time="0.024">
    <system-out><![CDATA[2025-12-13T15:51:49.446+07:00 DEBUG 30800 --- [           main] org.hibernate.SQL                        : 
    insert 
    into
        auth_tokens
        (created_at,token,user_id,id) 
    values
        (?,?,?,?)
Hibernate: 
    insert 
    into
        auth_tokens
        (created_at,token,user_id,id) 
    values
        (?,?,?,?)
2025-12-13T15:51:49.448+07:00 DEBUG 30800 --- [           main] org.hibernate.SQL                        : 
    insert 
    into
        auth_tokens
        (created_at,token,user_id,id) 
    values
        (?,?,?,?)
Hibernate: 
    insert 
    into
        auth_tokens
        (created_at,token,user_id,id) 
    values
        (?,?,?,?)
2025-12-13T15:51:49.453+07:00 DEBUG 30800 --- [           main] org.hibernate.SQL                        : 
    select
        a1_0.id,
        a1_0.created_at,
        a1_0.token,
        a1_0.user_id 
    from
        auth_tokens a1_0 
    where
        a1_0.token=?
Hibernate: 
    select
        a1_0.id,
        a1_0.created_at,
        a1_0.token,
        a1_0.user_id 
    from
        auth_tokens a1_0 
    where
        a1_0.token=?
2025-12-13T15:51:49.457+07:00 DEBUG 30800 --- [           main] org.hibernate.SQL                        : 
    delete 
    from
        auth_tokens 
    where
        id=?
Hibernate: 
    delete 
    from
        auth_tokens 
    where
        id=?
2025-12-13T15:51:49.461+07:00 DEBUG 30800 --- [           main] org.hibernate.SQL                        : 
    select
        a1_0.id,
        a1_0.created_at,
        a1_0.token,
        a1_0.user_id 
    from
        auth_tokens a1_0 
    where
        a1_0.token=?
Hibernate: 
    select
        a1_0.id,
        a1_0.created_at,
        a1_0.token,
        a1_0.user_id 
    from
        auth_tokens a1_0 
    where
        a1_0.token=?
]]></system-out>
  </testcase>
</testsuite>