<?xml version="1.0" encoding="UTF-8"?>
<testsuite xmlns:xsi="http://www.w3.org/2001/XMLSchema-instance" xsi:noNamespaceSchemaLocation="https://maven.apache.org/surefire/maven-surefire-plugin/xsd/surefire-test-report-3.0.xsd" version="3.0" name="com.bakery.repository.AuthTokenRepositoryTest" time="2.371" tests="12" errors="0" skipped="0" failures="0">
  <properties>
[...]
</properties>
  <testcase name="testUpdateAuthToken" classname="com.bakery.repository.AuthTokenRepositoryTest" time="0.96">
    <system-out><![CDATA[2025-12-13T15:58:01.436+07:00  INFO 24316 --- [           main] t.c.s.AnnotationConfigContextLoaderUtils : Could not detect default configuration classes for test class [com.bakery.repository.AuthTokenRepositoryTest]: AuthTokenRepositoryTest does not declare any static, non-private, non-final, nested classes annotated with @Configuration.
2025-12-13T15:58:01.483+07:00  INFO 24316 --- [           main] .b.t.c.SpringBootTestContextBootstrapper : Found @SpringBootConfiguration com.bakery.BakeryApplication for test class com.bakery.repository.AuthTokenRepositoryTest

  .   ____          _            __ _ _
 /\\ / ___'_ __ _ _(_)_ __  __ _ \ \ \ \
( ( )\___ | '_ | '_| | '_ \/ _` | \ \ \ \
 \\/  ___)| |_)| | | | | || (_| |  ) ) ) )
  '  |____| .__|_| |_|_| |_\__, | / / / /
 =========|_|==============|___/=/_/_/_/
 :: Spring Boot ::                (v3.1.9)

2025-12-13T15:58:01.557+07:00  INFO 24316 --- [           main] c.b.repository.AuthTokenRepositoryTest   : Starting AuthTokenRepositoryTest using Java 17.0.17 with PID 24316 (started by ASUS in C:\ifs24048-pbo-proyek\ifs24048-pbo-proyek)
2025-12-13T15:58:01.557+07:00  INFO 24316 --- [           main] c.b.repository.AuthTokenRepositoryTest   : No active profile set, falling back to 1 default profile: "default"
2025-12-13T15:58:01.817+07:00  INFO 24316 --- [           main] .s.d.r.c.RepositoryConfigurationDelegate : Bootstrapping Spring Data JPA repositories in DEFAULT mode.
2025-12-13T15:58:01.859+07:00  INFO 24316 --- [           main] .s.d.r.c.RepositoryConfigurationDelegate : Finished Spring Data repository scanning in 41 ms. Found 3 JPA repository interfaces.
2025-12-13T15:58:01.896+07:00  INFO 24316 --- [           main] beddedDataSourceBeanFactoryPostProcessor : Replacing 'dataSource' DataSource bean with embedded version
2025-12-13T15:58:01.963+07:00  INFO 24316 --- [           main] o.s.j.d.e.EmbeddedDatabaseFactory        : Starting embedded database: url='jdbc:h2:mem:27c5958a-1868-4355-9441-594b984cbc46;DB_CLOSE_DELAY=-1;DB_CLOSE_ON_EXIT=false', username='sa'
2025-12-13T15:58:02.023+07:00  INFO 24316 --- [           main] o.hibernate.jpa.internal.util.LogHelper  : HHH000204: Processing PersistenceUnitInfo [name: default]
2025-12-13T15:58:02.042+07:00  INFO 24316 --- [           main] o.s.o.j.p.SpringPersistenceUnitInfo      : No LoadTimeWeaver setup: ignoring JPA class transformer
2025-12-13T15:58:02.046+07:00  WARN 24316 --- [           main] org.hibernate.orm.deprecation            : HHH90000025: H2Dialect does not need to be specified explicitly using 'hibernate.dialect' (remove the property setting and it will be selected by default)
2025-12-13T15:58:02.230+07:00  INFO 24316 --- [           main] o.h.e.t.j.p.i.JtaPlatformInitiator       : HHH000489: No JTA platform available (set 'hibernate.transaction.jta.platform' to enable JTA platform integration)
Hibernate: drop table if exists auth_tokens cascade 
Hibernate: drop table if exists products cascade 
Hibernate: drop table if exists users cascade 
Hibernate: create table auth_tokens (created_at timestamp(6), id uuid not null, user_id uuid not null, token varchar(255) not null unique, primary key (id))
Hibernate: create table products (is_available boolean, price float(53) not null, sold_count integer, stock integer not null, created_at timestamp(6), updated_at timestamp(6), id uuid not null, user_id uuid not null, category varchar(255) not null, image_url varchar(255), product_name varchar(255) not null, description TEXT, primary key (id))
Hibernate: create table users (created_at timestamp(6), updated_at timestamp(6), id uuid not null, email varchar(255) not null unique, name varchar(255) not null, password varchar(255) not null, primary key (id))
2025-12-13T15:58:02.251+07:00  INFO 24316 --- [           main] j.LocalContainerEntityManagerFactoryBean : Initialized JPA EntityManagerFactory for persistence unit 'default'
2025-12-13T15:58:02.554+07:00  INFO 24316 --- [           main] c.b.repository.AuthTokenRepositoryTest   : Started AuthTokenRepositoryTest in 1.063 seconds (process running for 26.117)
Hibernate: insert into auth_tokens (created_at,token,user_id,id) values (?,?,?,?)
Hibernate: insert into auth_tokens (created_at,token,user_id,id) values (?,?,?,?)
Hibernate: select a1_0.id,a1_0.created_at,a1_0.token,a1_0.user_id from auth_tokens a1_0 where a1_0.token=?
Hibernate: update auth_tokens set created_at=?,token=?,user_id=? where id=?
Hibernate: select a1_0.id,a1_0.created_at,a1_0.token,a1_0.user_id from auth_tokens a1_0 where a1_0.token=?
]]></system-out>
  </testcase>
  <testcase name="testDeleteByUserId" classname="com.bakery.repository.AuthTokenRepositoryTest" time="0.053">
    <system-out><![CDATA[Hibernate: insert into auth_tokens (created_at,token,user_id,id) values (?,?,?,?)
Hibernate: insert into auth_tokens (created_at,token,user_id,id) values (?,?,?,?)
Hibernate: select a1_0.id,a1_0.created_at,a1_0.token,a1_0.user_id from auth_tokens a1_0 where a1_0.token=?
Hibernate: select a1_0.id,a1_0.created_at,a1_0.token,a1_0.user_id from auth_tokens a1_0 where a1_0.user_id=?
Hibernate: delete from auth_tokens where id=?
Hibernate: select a1_0.id,a1_0.created_at,a1_0.token,a1_0.user_id from auth_tokens a1_0 where a1_0.token=?
Hibernate: select a1_0.id,a1_0.created_at,a1_0.token,a1_0.user_id from auth_tokens a1_0 where a1_0.token=?
]]></system-out>
  </testcase>
  <testcase name="testFindByToken_EmptyToken" classname="com.bakery.repository.AuthTokenRepositoryTest" time="0.018">
    <system-out><![CDATA[Hibernate: insert into auth_tokens (created_at,token,user_id,id) values (?,?,?,?)
Hibernate: insert into auth_tokens (created_at,token,user_id,id) values (?,?,?,?)
Hibernate: select a1_0.id,a1_0.created_at,a1_0.token,a1_0.user_id from auth_tokens a1_0 where a1_0.token=?
]]></system-out>
  </testcase>
  <testcase name="testFindAll" classname="com.bakery.repository.AuthTokenRepositoryTest" time="0.028">
    <system-out><![CDATA[Hibernate: insert into auth_tokens (created_at,token,user_id,id) values (?,?,?,?)
Hibernate: insert into auth_tokens (created_at,token,user_id,id) values (?,?,?,?)
Hibernate: select a1_0.id,a1_0.created_at,a1_0.token,a1_0.user_id from auth_tokens a1_0
]]></system-out>
  </testcase>
  <testcase name="testFindByToken_NotFound" classname="com.bakery.repository.AuthTokenRepositoryTest" time="0.018">
    <system-out><![CDATA[Hibernate: insert into auth_tokens (created_at,token,user_id,id) values (?,?,?,?)
Hibernate: insert into auth_tokens (created_at,token,user_id,id) values (?,?,?,?)
Hibernate: select a1_0.id,a1_0.created_at,a1_0.token,a1_0.user_id from auth_tokens a1_0 where a1_0.token=?
]]></system-out>
  </testcase>
  <testcase name="testSaveNewAuthToken" classname="com.bakery.repository.AuthTokenRepositoryTest" time="0.018">
    <system-out><![CDATA[Hibernate: insert into auth_tokens (created_at,token,user_id,id) values (?,?,?,?)
Hibernate: insert into auth_tokens (created_at,token,user_id,id) values (?,?,?,?)
Hibernate: insert into auth_tokens (created_at,token,user_id,id) values (?,?,?,?)
Hibernate: select a1_0.id,a1_0.created_at,a1_0.token,a1_0.user_id from auth_tokens a1_0 where a1_0.token=?
]]></system-out>
  </testcase>
  <testcase name="testTokenUniqueness" classname="com.bakery.repository.AuthTokenRepositoryTest" time="0.013">
    <system-out><![CDATA[Hibernate: insert into auth_tokens (created_at,token,user_id,id) values (?,?,?,?)
Hibernate: insert into auth_tokens (created_at,token,user_id,id) values (?,?,?,?)
]]></system-out>
  </testcase>
  <testcase name="testFindById" classname="com.bakery.repository.AuthTokenRepositoryTest" time="0.038">
    <system-out><![CDATA[Hibernate: insert into auth_tokens (created_at,token,user_id,id) values (?,?,?,?)
Hibernate: insert into auth_tokens (created_at,token,user_id,id) values (?,?,?,?)
Hibernate: select a1_0.id,a1_0.created_at,a1_0.token,a1_0.user_id from auth_tokens a1_0 where a1_0.token=?
]]></system-out>
  </testcase>
  <testcase name="testEntityLifecycle" classname="com.bakery.repository.AuthTokenRepositoryTest" time="0.014">
    <system-out><![CDATA[Hibernate: insert into auth_tokens (created_at,token,user_id,id) values (?,?,?,?)
Hibernate: insert into auth_tokens (created_at,token,user_id,id) values (?,?,?,?)
]]></system-out>
  </testcase>
  <testcase name="testFindByToken_Found" classname="com.bakery.repository.AuthTokenRepositoryTest" time="0.017">
    <system-out><![CDATA[Hibernate: insert into auth_tokens (created_at,token,user_id,id) values (?,?,?,?)
Hibernate: insert into auth_tokens (created_at,token,user_id,id) values (?,?,?,?)
Hibernate: select a1_0.id,a1_0.created_at,a1_0.token,a1_0.user_id from auth_tokens a1_0 where a1_0.token=?
]]></system-out>
  </testcase>
  <testcase name="testDeleteByUserId_NoMatchingUser" classname="com.bakery.repository.AuthTokenRepositoryTest" time="0.021">
    <system-out><![CDATA[Hibernate: insert into auth_tokens (created_at,token,user_id,id) values (?,?,?,?)
Hibernate: insert into auth_tokens (created_at,token,user_id,id) values (?,?,?,?)
Hibernate: select a1_0.id,a1_0.created_at,a1_0.token,a1_0.user_id from auth_tokens a1_0 where a1_0.user_id=?
]]></system-out>
  </testcase>
  <testcase name="testDeleteAuthToken" classname="com.bakery.repository.AuthTokenRepositoryTest" time="0.024">
    <system-out><![CDATA[Hibernate: insert into auth_tokens (created_at,token,user_id,id) values (?,?,?,?)
Hibernate: insert into auth_tokens (created_at,token,user_id,id) values (?,?,?,?)
Hibernate: select a1_0.id,a1_0.created_at,a1_0.token,a1_0.user_id from auth_tokens a1_0 where a1_0.token=?
Hibernate: delete from auth_tokens where id=?
Hibernate: select a1_0.id,a1_0.created_at,a1_0.token,a1_0.user_id from auth_tokens a1_0 where a1_0.token=?
]]></system-out>
  </testcase>
</testsuite>