<?xml version="1.0" encoding="UTF-8"?>
<testsuite xmlns:xsi="http://www.w3.org/2001/XMLSchema-instance" xsi:noNamespaceSchemaLocation="https://maven.apache.org/surefire/maven-surefire-plugin/xsd/surefire-test-report-3.0.xsd" version="3.0" name="com.bakery.controller.ProductControllerTest" time="4.002" tests="48" errors="0" skipped="0" failures="0">
  <properties>
[...]
</properties>
  <testcase name="testShowCreateForm_unauthenticated" classname="com.bakery.controller.ProductControllerTest" time="0.23">
    <system-out><![CDATA[2025-12-13T14:43:02.015+07:00  INFO 5480 --- [           main] t.c.s.AnnotationConfigContextLoaderUtils : Could not detect default configuration classes for test class [com.bakery.controller.ProductControllerTest]: ProductControllerTest does not declare any static, non-private, non-final, nested classes annotated with @Configuration.
2025-12-13T14:43:02.192+07:00  INFO 5480 --- [           main] .b.t.c.SpringBootTestContextBootstrapper : Found @SpringBootConfiguration com.bakery.BakeryApplication for test class com.bakery.controller.ProductControllerTest

  .   ____          _            __ _ _
 /\\ / ___'_ __ _ _(_)_ __  __ _ \ \ \ \
( ( )\___ | '_ | '_| | '_ \/ _` | \ \ \ \
 \\/  ___)| |_)| | | | | || (_| |  ) ) ) )
  '  |____| .__|_| |_|_| |_\__, | / / / /
 =========|_|==============|___/=/_/_/_/
 :: Spring Boot ::                (v3.1.9)

2025-12-13T14:43:02.320+07:00  INFO 5480 --- [           main] c.b.controller.ProductControllerTest     : Starting ProductControllerTest using Java 17.0.17 with PID 5480 (started by ASUS in C:\ifs24048-pbo-proyek\ifs24048-pbo-proyek)
2025-12-13T14:43:02.322+07:00 DEBUG 5480 --- [           main] c.b.controller.ProductControllerTest     : Running with Spring Boot v3.1.9, Spring v6.0.17
2025-12-13T14:43:02.322+07:00  INFO 5480 --- [           main] c.b.controller.ProductControllerTest     : No active profile set, falling back to 1 default profile: "default"
2025-12-13T14:43:03.046+07:00  INFO 5480 --- [           main] o.s.b.a.w.s.WelcomePageHandlerMapping    : Adding welcome page template: index
2025-12-13T14:43:03.177+07:00  INFO 5480 --- [           main] o.s.b.t.m.w.SpringBootMockServletContext : Initializing Spring TestDispatcherServlet ''
2025-12-13T14:43:03.193+07:00  INFO 5480 --- [           main] o.s.t.web.servlet.TestDispatcherServlet  : Initializing Servlet ''
2025-12-13T14:43:03.197+07:00  INFO 5480 --- [           main] o.s.t.web.servlet.TestDispatcherServlet  : Completed initialization in 3 ms
2025-12-13T14:43:03.226+07:00  INFO 5480 --- [           main] c.b.controller.ProductControllerTest     : Started ProductControllerTest in 1.023 seconds (process running for 21.59)
2025-12-13T14:43:03.406+07:00  INFO 5480 --- [           main] com.bakery.config.RequestLoggingFilter   : Request: GET /products/create | Status: 302 | Duration: 73ms
]]></system-out>
  </testcase>
  <testcase name="testDeleteProduct_unauthenticated" classname="com.bakery.controller.ProductControllerTest" time="0.009">
    <system-out><![CDATA[2025-12-13T14:43:03.479+07:00  INFO 5480 --- [           main] com.bakery.config.RequestLoggingFilter   : Request: POST /products/delete/97c5b62f-2f33-48d5-ba33-503e5f8835a2 | Status: 302 | Duration: 1ms
]]></system-out>
  </testcase>
  <testcase name="testShowEditImageForm_unauthenticated" classname="com.bakery.controller.ProductControllerTest" time="0.008">
    <system-out><![CDATA[2025-12-13T14:43:03.489+07:00  INFO 5480 --- [           main] com.bakery.config.RequestLoggingFilter   : Request: GET /products/edit-image/e802a012-9a28-4f1b-b190-76c2797502a6 | Status: 302 | Duration: 0ms
]]></system-out>
  </testcase>
  <testcase name="testShowProductDetail_authenticatedAndNotFound" classname="com.bakery.controller.ProductControllerTest" time="0.096">
    <system-out><![CDATA[2025-12-13T14:43:03.585+07:00  INFO 5480 --- [           main] com.bakery.config.RequestLoggingFilter   : Request: GET /products/detail/b8f998cc-9bf9-459a-93aa-9539eff84712 | Status: 302 | Duration: 82ms
]]></system-out>
  </testcase>
  <testcase name="testUpdateProduct_authenticatedAndSoldCountNull" classname="com.bakery.controller.ProductControllerTest" time="0.144">
    <system-out><![CDATA[2025-12-13T14:43:03.731+07:00  INFO 5480 --- [           main] com.bakery.config.RequestLoggingFilter   : Request: POST /products/update/01d8f075-e8f8-4eac-98f2-04d2e5eaeb88 | Status: 302 | Duration: 134ms
]]></system-out>
  </testcase>
  <testcase name="testUpdateSales_otherException" classname="com.bakery.controller.ProductControllerTest" time="0.026">
    <system-out><![CDATA[2025-12-13T14:43:03.760+07:00  INFO 5480 --- [           main] com.bakery.config.RequestLoggingFilter   : Request: POST /products/update-sales/f03c92d3-3820-4f2c-8c85-1503933ebb3c | Status: 200 | Duration: 17ms
]]></system-out>
  </testcase>
  <testcase name="testListProducts_authenticated" classname="com.bakery.controller.ProductControllerTest" time="1.454">
    <system-out><![CDATA[2025-12-13T14:43:05.208+07:00  INFO 5480 --- [           main] com.bakery.config.RequestLoggingFilter   : Request: GET /products | Status: 200 | Duration: 1437ms
]]></system-out>
  </testcase>
  <testcase name="testUpdateSales_authenticatedAndNotFound" classname="com.bakery.controller.ProductControllerTest" time="0.009">
    <system-out><![CDATA[2025-12-13T14:43:05.229+07:00  INFO 5480 --- [           main] com.bakery.config.RequestLoggingFilter   : Request: POST /products/update-sales/ddb1a37d-c712-4fa6-b47d-b07173c96652 | Status: 302 | Duration: 3ms
]]></system-out>
  </testcase>
  <testcase name="testUpdateSales_authenticatedAndOtherException" classname="com.bakery.controller.ProductControllerTest" time="0.014">
    <system-out><![CDATA[2025-12-13T14:43:05.244+07:00  INFO 5480 --- [           main] com.bakery.config.RequestLoggingFilter   : Request: POST /products/update-sales/8439d380-03a8-4e83-91ad-32ded40a96db | Status: 200 | Duration: 2ms
]]></system-out>
  </testcase>
  <testcase name="testListProducts_unauthenticated" classname="com.bakery.controller.ProductControllerTest" time="0.007">
    <system-out><![CDATA[2025-12-13T14:43:05.256+07:00  INFO 5480 --- [           main] com.bakery.config.RequestLoggingFilter   : Request: GET /products | Status: 302 | Duration: 2ms
]]></system-out>
  </testcase>
  <testcase name="testUpdateProduct_authenticatedAndValidationErrors" classname="com.bakery.controller.ProductControllerTest" time="0.101">
    <system-out><![CDATA[2025-12-13T14:43:05.355+07:00  INFO 5480 --- [           main] com.bakery.config.RequestLoggingFilter   : Request: POST /products/update/d7b94d9e-e8af-42b8-8f94-3e0e88142d00 | Status: 200 | Duration: 90ms
]]></system-out>
  </testcase>
  <testcase name="testUpdateSales_unauthenticated" classname="com.bakery.controller.ProductControllerTest" time="0.007">
    <system-out><![CDATA[2025-12-13T14:43:05.368+07:00  INFO 5480 --- [           main] com.bakery.config.RequestLoggingFilter   : Request: POST /products/update-sales/3434fd73-47b4-4b47-9ad3-0039588d8b00 | Status: 302 | Duration: 0ms
]]></system-out>
  </testcase>
  <testcase name="testUpdateSales_authenticatedAndSuccess" classname="com.bakery.controller.ProductControllerTest" time="0.011">
    <system-out><![CDATA[2025-12-13T14:43:05.381+07:00  INFO 5480 --- [           main] com.bakery.config.RequestLoggingFilter   : Request: POST /products/update-sales/6e511802-c4ac-4255-a4bb-4b611fc97161 | Status: 302 | Duration: 3ms
]]></system-out>
  </testcase>
  <testcase name="testUpdateProduct_otherException" classname="com.bakery.controller.ProductControllerTest" time="0.011">
    <system-out><![CDATA[2025-12-13T14:43:05.396+07:00  INFO 5480 --- [           main] com.bakery.config.RequestLoggingFilter   : Request: POST /products/update/31ab30ad-ae3b-4a89-b2a1-11bd4a426cce | Status: 200 | Duration: 5ms
]]></system-out>
  </testcase>
  <testcase name="testUpdateProduct_unauthenticated" classname="com.bakery.controller.ProductControllerTest" time="0.007">
    <system-out><![CDATA[2025-12-13T14:43:05.405+07:00  INFO 5480 --- [           main] com.bakery.config.RequestLoggingFilter   : Request: POST /products/update/fd4a8549-1f87-41f0-b26d-01f958c159cf | Status: 302 | Duration: 2ms
]]></system-out>
  </testcase>
  <testcase name="testUpdateProduct_authenticatedAndOtherException" classname="com.bakery.controller.ProductControllerTest" time="0.014">
    <system-out><![CDATA[2025-12-13T14:43:05.421+07:00  INFO 5480 --- [           main] com.bakery.config.RequestLoggingFilter   : Request: POST /products/update/3ca5b41b-d72c-43d0-a5f2-f680481d1697 | Status: 200 | Duration: 3ms
]]></system-out>
  </testcase>
  <testcase name="testCreateProduct_withEmptyImageFile" classname="com.bakery.controller.ProductControllerTest" time="0.031">
    <system-out><![CDATA[2025-12-13T14:43:05.455+07:00  INFO 5480 --- [           main] com.bakery.config.RequestLoggingFilter   : Request: POST /products/create | Status: 302 | Duration: 7ms
]]></system-out>
  </testcase>
  <testcase name="testShowProductDetail_unauthenticated" classname="com.bakery.controller.ProductControllerTest" time="0.008">
    <system-out><![CDATA[2025-12-13T14:43:05.466+07:00  INFO 5480 --- [           main] com.bakery.config.RequestLoggingFilter   : Request: GET /products/detail/b4641040-3e24-4382-9c17-600212398398 | Status: 302 | Duration: 0ms
]]></system-out>
  </testcase>
  <testcase name="testUpdateProductImage_authenticatedAndOtherException" classname="com.bakery.controller.ProductControllerTest" time="0.012">
    <system-out><![CDATA[2025-12-13T14:43:05.482+07:00  INFO 5480 --- [           main] com.bakery.config.RequestLoggingFilter   : Request: POST /products/update-image/0b7b4dbd-47ca-4bad-b5ae-c0806621d59d | Status: 200 | Duration: 5ms
]]></system-out>
  </testcase>
  <testcase name="testShowDeleteConfirmation_authenticatedAndNotFound" classname="com.bakery.controller.ProductControllerTest" time="0.011">
    <system-out><![CDATA[2025-12-13T14:43:05.495+07:00  INFO 5480 --- [           main] com.bakery.config.RequestLoggingFilter   : Request: GET /products/confirm-delete/8b25b5c4-3082-4b68-9c67-86e158b18653 | Status: 302 | Duration: 2ms
]]></system-out>
  </testcase>
  <testcase name="testDeleteProduct_authenticatedAndSuccess" classname="com.bakery.controller.ProductControllerTest" time="0.009">
    <system-out><![CDATA[2025-12-13T14:43:05.507+07:00  INFO 5480 --- [           main] com.bakery.config.RequestLoggingFilter   : Request: POST /products/delete/3e109baa-60bd-4d4f-bbf1-41b2ae58b7d4 | Status: 302 | Duration: 3ms
]]></system-out>
  </testcase>
  <testcase name="testShowProductDetail_authenticatedAndFound" classname="com.bakery.controller.ProductControllerTest" time="0.083">
    <system-out><![CDATA[2025-12-13T14:43:05.592+07:00  INFO 5480 --- [           main] com.bakery.config.RequestLoggingFilter   : Request: GET /products/detail/c7eda7ed-7526-4716-ae0b-b4755aff5414 | Status: 200 | Duration: 76ms
]]></system-out>
  </testcase>
  <testcase name="testShowEditImageForm_authenticatedAndNotFound" classname="com.bakery.controller.ProductControllerTest" time="0.007">
    <system-out><![CDATA[2025-12-13T14:43:05.600+07:00  INFO 5480 --- [           main] com.bakery.config.RequestLoggingFilter   : Request: GET /products/edit-image/7a7adbfb-f3b1-49a4-875c-b7d6658f12c2 | Status: 302 | Duration: 1ms
]]></system-out>
  </testcase>
  <testcase name="testCreateProduct_unauthenticated" classname="com.bakery.controller.ProductControllerTest" time="0.007">
    <system-out><![CDATA[2025-12-13T14:43:05.606+07:00  INFO 5480 --- [           main] com.bakery.config.RequestLoggingFilter   : Request: POST /products/create | Status: 302 | Duration: 0ms
]]></system-out>
  </testcase>
  <testcase name="testUpdateProduct_soldCountNullAndNoExistingProduct" classname="com.bakery.controller.ProductControllerTest" time="0.011">
    <system-out><![CDATA[2025-12-13T14:43:05.619+07:00  INFO 5480 --- [           main] com.bakery.config.RequestLoggingFilter   : Request: POST /products/update/109d28dd-6e6f-48b7-87f4-c14a7d153707 | Status: 302 | Duration: 3ms
]]></system-out>
  </testcase>
  <testcase name="testCreateProduct_withoutImageFile" classname="com.bakery.controller.ProductControllerTest" time="0.011">
    <system-out><![CDATA[2025-12-13T14:43:05.633+07:00  INFO 5480 --- [           main] com.bakery.config.RequestLoggingFilter   : Request: POST /products/create | Status: 302 | Duration: 2ms
]]></system-out>
  </testcase>
  <testcase name="testShowEditForm_unauthenticated" classname="com.bakery.controller.ProductControllerTest" time="0.006">
    <system-out><![CDATA[2025-12-13T14:43:05.643+07:00  INFO 5480 --- [           main] com.bakery.config.RequestLoggingFilter   : Request: GET /products/edit/01262df4-964c-4e28-af44-ead11201af54 | Status: 302 | Duration: 2ms
]]></system-out>
  </testcase>
  <testcase name="testUpdateProduct_soldCountNullAndExistingProductHasNullSoldCount" classname="com.bakery.controller.ProductControllerTest" time="0.011">
    <system-out><![CDATA[2025-12-13T14:43:05.656+07:00  INFO 5480 --- [           main] com.bakery.config.RequestLoggingFilter   : Request: POST /products/update/055b6e07-70c9-4487-b11b-657466aca7a8 | Status: 302 | Duration: 4ms
]]></system-out>
  </testcase>
  <testcase name="testUpdateProduct_authenticatedAndSuccess" classname="com.bakery.controller.ProductControllerTest" time="0.009">
    <system-out><![CDATA[2025-12-13T14:43:05.668+07:00  INFO 5480 --- [           main] com.bakery.config.RequestLoggingFilter   : Request: POST /products/update/9cc707e8-5d99-460a-9bd0-68ddd458cc88 | Status: 302 | Duration: 3ms
]]></system-out>
  </testcase>
  <testcase name="testShowEditImageForm_authenticatedAndFound" classname="com.bakery.controller.ProductControllerTest" time="0.086">
    <system-out><![CDATA[2025-12-13T14:43:05.756+07:00  INFO 5480 --- [           main] com.bakery.config.RequestLoggingFilter   : Request: GET /products/edit-image/be2b2b4d-7078-4f60-8599-67ade78a6d25 | Status: 200 | Duration: 80ms
]]></system-out>
  </testcase>
  <testcase name="testUpdateProductImage_unauthenticated" classname="com.bakery.controller.ProductControllerTest" time="0.005">
    <system-out><![CDATA[2025-12-13T14:43:05.766+07:00  INFO 5480 --- [           main] com.bakery.config.RequestLoggingFilter   : Request: POST /products/update-image/e564060c-c96b-410c-bb91-68791446f125 | Status: 302 | Duration: 0ms
]]></system-out>
  </testcase>
  <testcase name="testCreateProduct_success" classname="com.bakery.controller.ProductControllerTest" time="0.011">
    <system-out><![CDATA[2025-12-13T14:43:05.776+07:00  INFO 5480 --- [           main] com.bakery.config.RequestLoggingFilter   : Request: POST /products/create | Status: 302 | Duration: 4ms
]]></system-out>
  </testcase>
  <testcase name="testShowUpdateSalesForm_authenticatedAndNotFound" classname="com.bakery.controller.ProductControllerTest" time="0.006">
    <system-out><![CDATA[2025-12-13T14:43:05.785+07:00  INFO 5480 --- [           main] com.bakery.config.RequestLoggingFilter   : Request: GET /products/update-sales/c26137f2-1f0c-4810-bb91-2eada25b9ed9 | Status: 302 | Duration: 2ms
]]></system-out>
  </testcase>
  <testcase name="testUpdateProductImage_success" classname="com.bakery.controller.ProductControllerTest" time="0.007">
    <system-out><![CDATA[2025-12-13T14:43:05.794+07:00  INFO 5480 --- [           main] com.bakery.config.RequestLoggingFilter   : Request: POST /products/update-image/683a854c-d40a-424d-ad26-17f1fb5e8eae | Status: 302 | Duration: 1ms
]]></system-out>
  </testcase>
  <testcase name="testShowCreateForm_authenticated" classname="com.bakery.controller.ProductControllerTest" time="0.019">
    <system-out><![CDATA[2025-12-13T14:43:05.816+07:00  INFO 5480 --- [           main] com.bakery.config.RequestLoggingFilter   : Request: GET /products/create | Status: 200 | Duration: 15ms
]]></system-out>
  </testcase>
  <testcase name="testShowDeleteConfirmation_unauthenticated" classname="com.bakery.controller.ProductControllerTest" time="0.005">
    <system-out><![CDATA[2025-12-13T14:43:05.824+07:00  INFO 5480 --- [           main] com.bakery.config.RequestLoggingFilter   : Request: GET /products/confirm-delete/1843ace2-a140-424a-a7ca-e51bd1cf82b7 | Status: 302 | Duration: 1ms
]]></system-out>
  </testcase>
  <testcase name="testUpdateProduct_withNonNullSoldCount" classname="com.bakery.controller.ProductControllerTest" time="0.008">
    <system-out><![CDATA[2025-12-13T14:43:05.834+07:00  INFO 5480 --- [           main] com.bakery.config.RequestLoggingFilter   : Request: POST /products/update/d40e4a0a-7428-4dcb-ac27-3e58f20d7837 | Status: 302 | Duration: 3ms
]]></system-out>
  </testcase>
  <testcase name="testUpdateProduct_authenticatedAndNotFound" classname="com.bakery.controller.ProductControllerTest" time="0.01">
    <system-out><![CDATA[2025-12-13T14:43:05.845+07:00  INFO 5480 --- [           main] com.bakery.config.RequestLoggingFilter   : Request: POST /products/update/ab3d7cbe-e541-4199-a7bf-781def137a36 | Status: 302 | Duration: 5ms
]]></system-out>
  </testcase>
  <testcase name="testShowDeleteConfirmation_authenticatedAndFound" classname="com.bakery.controller.ProductControllerTest" time="0.012">
    <system-out><![CDATA[2025-12-13T14:43:05.860+07:00  INFO 5480 --- [           main] com.bakery.config.RequestLoggingFilter   : Request: GET /products/confirm-delete/942d5c4e-1340-408a-b156-2075c7e6f823 | Status: 200 | Duration: 8ms
]]></system-out>
  </testcase>
  <testcase name="testUpdateProductImage_authenticatedAndIOException" classname="com.bakery.controller.ProductControllerTest" time="0.007">
    <system-out><![CDATA[2025-12-13T14:43:05.870+07:00  INFO 5480 --- [           main] com.bakery.config.RequestLoggingFilter   : Request: POST /products/update-image/020855cc-53ce-40c8-b2a9-4dabb5ef9eaa | Status: 302 | Duration: 2ms
]]></system-out>
    <system-err><![CDATA[Failed to update product image: File upload failed
]]></system-err>
  </testcase>
  <testcase name="testUpdateProductImage_authenticatedAndSuccess" classname="com.bakery.controller.ProductControllerTest" time="0.01">
    <system-out><![CDATA[2025-12-13T14:43:05.880+07:00  INFO 5480 --- [           main] com.bakery.config.RequestLoggingFilter   : Request: POST /products/update-image/3448cad2-f363-404f-997d-9c201b1b8c45 | Status: 302 | Duration: 3ms
]]></system-out>
  </testcase>
  <testcase name="testShowEditForm_authenticatedAndNotFound" classname="com.bakery.controller.ProductControllerTest" time="0.007">
    <system-out><![CDATA[2025-12-13T14:43:05.888+07:00  INFO 5480 --- [           main] com.bakery.config.RequestLoggingFilter   : Request: GET /products/edit/f3b048f6-abe3-432c-bd9e-24871929991c | Status: 302 | Duration: 2ms
]]></system-out>
  </testcase>
  <testcase name="testCreateProduct_withNullSoldCount" classname="com.bakery.controller.ProductControllerTest" time="0.01">
    <system-out><![CDATA[2025-12-13T14:43:05.899+07:00  INFO 5480 --- [           main] com.bakery.config.RequestLoggingFilter   : Request: POST /products/create | Status: 302 | Duration: 4ms
]]></system-out>
  </testcase>
  <testcase name="testShowUpdateSalesForm_unauthenticated" classname="com.bakery.controller.ProductControllerTest" time="0.006">
    <system-out><![CDATA[2025-12-13T14:43:05.907+07:00  INFO 5480 --- [           main] com.bakery.config.RequestLoggingFilter   : Request: GET /products/update-sales/25bec382-77e8-454e-ba22-ca616323ed65 | Status: 302 | Duration: 2ms
]]></system-out>
  </testcase>
  <testcase name="testShowUpdateSalesForm_authenticatedAndFound" classname="com.bakery.controller.ProductControllerTest" time="0.021">
    <system-out><![CDATA[2025-12-13T14:43:05.930+07:00  INFO 5480 --- [           main] com.bakery.config.RequestLoggingFilter   : Request: GET /products/update-sales/50b37406-57eb-442d-94b6-8af50d97fc03 | Status: 200 | Duration: 16ms
]]></system-out>
  </testcase>
  <testcase name="testCreateProduct_soldCountExplicitlySet" classname="com.bakery.controller.ProductControllerTest" time="0.008">
    <system-out><![CDATA[2025-12-13T14:43:05.940+07:00  INFO 5480 --- [           main] com.bakery.config.RequestLoggingFilter   : Request: POST /products/create | Status: 302 | Duration: 2ms
]]></system-out>
  </testcase>
  <testcase name="testCreateProduct_invalidData" classname="com.bakery.controller.ProductControllerTest" time="0.016">
    <system-out><![CDATA[2025-12-13T14:43:05.958+07:00  INFO 5480 --- [           main] com.bakery.config.RequestLoggingFilter   : Request: POST /products/create | Status: 200 | Duration: 10ms
]]></system-out>
  </testcase>
  <testcase name="testShowEditForm_authenticatedAndFound" classname="com.bakery.controller.ProductControllerTest" time="0.021">
    <system-out><![CDATA[2025-12-13T14:43:05.981+07:00  INFO 5480 --- [           main] com.bakery.config.RequestLoggingFilter   : Request: GET /products/edit/1842bd4c-6832-4b57-9713-97d52492a19f | Status: 200 | Duration: 15ms
]]></system-out>
  </testcase>
</testsuite>